* VCFscope Assets (create_asset_trusty:main) (failed) job-F1GYYXj0pVjGxbpVBPz7GjxJ
  kccg_bamboo 2016-12-21 01:01:47 (runtime 0:00:27)
2016-12-21 01:01:57 VCFscope Assets INFO Logging initialized (priority)
2016-12-21 01:01:59 VCFscope Assets INFO CPU: 73% (4 cores) * Memory: 703/15039MB * Storage: 69GB free * Net: 0↓/0↑MBps
2016-12-21 01:01:59 VCFscope Assets STDOUT dxpy/0.203.0 (Linux-3.13.0-105-generic-x86_64-with-Ubuntu-14.04-trusty)
2016-12-21 01:01:59 VCFscope Assets INFO CPU: 73% (4 cores) * Memory: 753/15039MB * Storage: 69GB free * Net: 0↓/0↑MBps
2016-12-21 01:01:59 VCFscope Assets INFO Downloading bundled file resources.tar.gz
2016-12-21 01:02:00 VCFscope Assets STDOUT >>> Unpacking resources.tar.gz to /
2016-12-21 01:02:00 VCFscope Assets INFO Installing apt packages dx-toolkit
2016-12-21 01:02:09 VCFscope Assets INFO Setting SSH public key
2016-12-21 01:02:11 VCFscope Assets STDOUT dxpy/0.203.0 (Linux-3.13.0-105-generic-x86_64-with-Ubuntu-14.04-trusty)
2016-12-21 01:02:11 VCFscope Assets STDOUT /usr/sbin/sshd already running.
2016-12-21 01:02:11 VCFscope Assets STDOUT Invoking main with {u'conf_json': {u'$dnanexus_link': u'file-F1GYYQQ0pVj6fX8KBPKFFYB4'}, u'asset_makefile': {u'$dnanexus_link': u'file-F1GYYVj0pVjJ9Y92BP8Vv7xk'}}
2016-12-21 01:02:12 VCFscope Assets STDERR Preparing the list of files in the system before installing any library.
2016-12-21 01:02:12 VCFscope Assets STDERR find: `/proc/tty/driver': Permission denied
2016-12-21 01:02:12 VCFscope Assets STDERR find: `/proc/293/task/293/fd': Permission denied
2016-12-21 01:02:12 VCFscope Assets STDERR find: `/proc/293/task/293/fdinfo': Permission denied
2016-12-21 01:02:12 VCFscope Assets STDERR find: `/proc/293/task/293/ns': Permission denied
2016-12-21 01:02:12 VCFscope Assets STDERR find: `/proc/293/task/302/fd': Permission denied
2016-12-21 01:02:12 VCFscope Assets STDERR find: `/proc/293/task/302/fdinfo': Permission denied
2016-12-21 01:02:12 VCFscope Assets STDERR find: `/proc/293/task/302/ns': Permission denied
2016-12-21 01:02:12 VCFscope Assets STDERR find: `/proc/293/task/303/fd': Permission denied
2016-12-21 01:02:12 VCFscope Assets STDERR find: `/proc/293/task/303/fdinfo': Permission denied
2016-12-21 01:02:12 VCFscope Assets STDERR find: `/proc/293/task/303/ns': Permission denied
2016-12-21 01:02:12 VCFscope Assets STDERR find: `/proc/293/fd': Permission denied
2016-12-21 01:02:12 VCFscope Assets STDERR find: `/proc/293/map_files': Permission denied
2016-12-21 01:02:12 VCFscope Assets STDERR find: `/proc/293/fdinfo': Permission denied
2016-12-21 01:02:12 VCFscope Assets STDERR find: `/proc/293/ns': Permission denied
2016-12-21 01:02:12 VCFscope Assets STDERR find: `/proc/306/task/306/fd': Permission denied
2016-12-21 01:02:12 VCFscope Assets STDERR find: `/proc/306/task/306/fdinfo': Permission denied
2016-12-21 01:02:12 VCFscope Assets STDERR find: `/proc/306/task/306/ns': Permission denied
2016-12-21 01:02:12 VCFscope Assets STDERR find: `/proc/306/fd': Permission denied
2016-12-21 01:02:12 VCFscope Assets STDERR find: `/proc/306/map_files': Permission denied
2016-12-21 01:02:12 VCFscope Assets STDERR find: `/proc/306/fdinfo': Permission denied
2016-12-21 01:02:12 VCFscope Assets STDERR find: `/proc/306/ns': Permission denied
2016-12-21 01:02:12 VCFscope Assets STDERR find: `/sys/kernel/debug': Permission denied
2016-12-21 01:02:12 VCFscope Assets STDERR find: `/sys/kernel/security/ima': Permission denied
2016-12-21 01:02:12 VCFscope Assets STDERR find: `/sys/kernel/security/apparmor': Permission denied
2016-12-21 01:02:14 VCFscope Assets STDOUT [Errno 2] No such file or directory: '/etc/blkid.tab'
2016-12-21 01:02:14 VCFscope Assets STDOUT [Errno 2] No such file or directory: '/etc/network/run'
2016-12-21 01:02:14 VCFscope Assets STDOUT [Errno 2] No such file or directory: '/etc/nologin'
2016-12-21 01:02:14 VCFscope Assets STDOUT [Errno 2] No such file or directory: '/usr/lib/python3/dist-packages/DistUpgrade/NvidiaDetector'
2016-12-21 01:02:14 VCFscope Assets STDOUT [Errno 2] No such file or directory: '/usr/share/dnanexus/doc/example-templates'
2016-12-21 01:02:15 VCFscope Assets STDOUT [Errno 2] No such file or directory: '/usr/share/doc/krb5-locales/CHANGES.gz'
2016-12-21 01:02:15 VCFscope Assets STDOUT [Errno 2] No such file or directory: '/usr/share/doc/libssl-dev/changelog.gz'
2016-12-21 01:02:15 VCFscope Assets STDOUT [Errno 2] No such file or directory: '/usr/share/doc/openssl/changelog.gz'
2016-12-21 01:02:15 VCFscope Assets STDOUT [Errno 2] No such file or directory: '/usr/share/doc/r-base-core/NEWS.gz'
2016-12-21 01:02:15 VCFscope Assets STDOUT [Errno 2] No such file or directory: '/usr/share/doc/screen/patchlevel.h.gz'
2016-12-21 01:02:15 VCFscope Assets STDOUT [Errno 2] No such file or directory: '/usr/share/doc/zip/changelog.gz'
2016-12-21 01:02:16 VCFscope Assets STDERR Installing execDepends.
2016-12-21 01:02:16 VCFscope Assets STDERR Running make.
2016-12-21 01:02:16 VCFscope Assets STDERR Makefile:31: *** missing separator.  Stop.
2016-12-21 01:02:16 VCFscope Assets STDERR Traceback (most recent call last):
2016-12-21 01:02:16 VCFscope Assets STDERR   File "/home/dnanexus/job-F1GYYXj0pVjGxbpVBPz7GjxJ", line 21, in <module>
2016-12-21 01:02:16 VCFscope Assets STDERR     execfile(_code_filename)
2016-12-21 01:02:16 VCFscope Assets STDERR   File "/home/dnanexus/job-F1GYYXj0pVjGxbpVBPz7GjxJ.code.py", line 14, in <module>
2016-12-21 01:02:16 VCFscope Assets STDERR     dxpy.run()
2016-12-21 01:02:16 VCFscope Assets STDERR   File "/usr/share/dnanexus/lib/python2.7/site-packages/dxpy/utils/exec_utils.py", line 150, in run
2016-12-21 01:02:16 VCFscope Assets STDERR     result = ENTRY_POINT_TABLE[job['function']](**job['input'])
2016-12-21 01:02:16 VCFscope Assets STDERR   File "/home/dnanexus/job-F1GYYXj0pVjGxbpVBPz7GjxJ.code.py", line 12, in main
2016-12-21 01:02:16 VCFscope Assets STDERR     return asset_builder.build_asset(conf_json, asset_makefile, custom_asset)
2016-12-21 01:02:16 VCFscope Assets STDERR   File "/opt/pythonlibs/asset_builder.py", line 140, in build_asset
2016-12-21 01:02:16 VCFscope Assets STDERR     subprocess.check_output(mk_cmd)
2016-12-21 01:02:16 VCFscope Assets STDERR   File "/usr/lib/python2.7/subprocess.py", line 573, in check_output
2016-12-21 01:02:16 VCFscope Assets STDERR     raise CalledProcessError(retcode, cmd, output=output)
2016-12-21 01:02:16 VCFscope Assets STDERR subprocess.CalledProcessError: Command '['sudo', 'make', '-C', '/home/dnanexus']' returned non-zero exit status 2
* VCFscope Assets (create_asset_trusty:main) (failed) job-F1GYYXj0pVjGxbpVBPz7GjxJ
  kccg_bamboo 2016-12-21 01:01:47 (runtime 0:00:27)
  AppInternalError: CalledProcessError: Command '['sudo', 'make', '-C', '/home/dnanexus']'
  returned non-zero exit status 2
